<?xml version="1.0" encoding="UTF-8"?>
<!-- Generated by org.testng.reporters.JUnitReportReporter -->
<testsuite hostname="DESKTOP-HEKQ2O1" failures="0" tests="1" name="TestCases.BrowserOpenTest" time="14.428" errors="0" timestamp="2019-11-15T18:45:29 IST" skipped="0">
  <testcase classname="TestCases.BrowserOpenTest" name="testOpenApplication" time="14.428"/>
</testsuite> <!-- TestCases.BrowserOpenTest -->
